#
# There is insufficient memory for the Java Runtime Environment to continue.
# Native memory allocation (malloc) failed to allocate 3265104 bytes for Chunk::new
# Possible reasons:
#   The system is out of physical RAM or swap space
#   The process is running with CompressedOops enabled, and the Java Heap may be blocking the growth of the native heap
# Possible solutions:
#   Reduce memory load on the system
#   Increase physical memory or swap space
#   Check if swap backing store is full
#   Decrease Java heap size (-Xmx/-Xms)
#   Decrease number of Java threads
#   Decrease Java thread stack sizes (-Xss)
#   Set larger code cache with -XX:ReservedCodeCacheSize=
#   JVM is running with Unscaled Compressed Oops mode in which the Java heap is
#     placed in the first 4GB address space. The Java Heap base address is the
#     maximum limit for the native heap growth. Please use -XX:HeapBaseMinAddress
#     to set the Java Heap base and to place the Java Heap above 4GB virtual address.
# This output file may be truncated or incomplete.
#
#  Out of Memory Error (./open/src/hotspot/share/memory/arena.cpp:195), pid=10292, tid=15476
#
# JRE version: Java(TM) SE Runtime Environment (15.0.2+7) (build 15.0.2+7-27)
# Java VM: Java HotSpot(TM) 64-Bit Server VM (15.0.2+7-27, mixed mode, sharing, tiered, compressed oops, parallel gc, windows-amd64)
# No core dump will be written. Minidumps are not enabled by default on client versions of Windows
#

---------------  S U M M A R Y ------------

Command Line: --add-modules=ALL-SYSTEM --add-opens=java.base/java.util=ALL-UNNAMED --add-opens=java.base/java.lang=ALL-UNNAMED -Declipse.application=org.eclipse.jdt.ls.core.id1 -Dosgi.bundles.defaultStartLevel=4 -Declipse.product=org.eclipse.jdt.ls.core.product -Dfile.encoding=utf8 -DwatchParentProcess=false -XX:+UseParallelGC -XX:GCTimeRatio=4 -XX:AdaptiveSizePolicyWeight=90 -Dsun.zip.disableMemoryMapping=true -Xmx1G -Xms100m c:\Users\smy\.vscode\extensions\redhat.java-0.81.0\server\plugins\org.eclipse.equinox.launcher_1.6.200.v20210416-2027.jar -configuration c:\Users\smy\AppData\Roaming\Code\User\globalStorage\redhat.java\0.81.0\config_win -data c:\Users\smy\AppData\Roaming\Code\User\workspaceStorage\88debe22eb0eb5ef3b373cb819e671c5\redhat.java\jdt_ws

Host: Intel(R) Core(TM) i5-7500 CPU @ 3.40GHz, 4 cores, 15G,  Windows 10 , 64 bit Build 19041 (10.0.19041.1151)
Time: Wed Sep  8 17:41:10 2021 Turkey Standard Time elapsed time: 16.845749 seconds (0d 0h 0m 16s)

---------------  T H R E A D  ---------------

Current thread (0x000002667ebeaef0):  JavaThread "C2 CompilerThread0" daemon [_thread_in_native, id=15476, stack(0x0000007649200000,0x0000007649300000)]


Current CompileTask:
C2:  16845 6468   !   4       org.eclipse.jdt.internal.core.search.indexing.BinaryIndexer::indexDocument (1144 bytes)

Stack: [0x0000007649200000,0x0000007649300000]
Native frames: (J=compiled Java code, j=interpreted, Vv=VM code, C=native code)
V  [jvm.dll+0x62ae9a]
V  [jvm.dll+0x7817a9]
V  [jvm.dll+0x782f03]
V  [jvm.dll+0x783563]
V  [jvm.dll+0x216325]
V  [jvm.dll+0x97f3a]
V  [jvm.dll+0x9861c]
V  [jvm.dll+0x32e305]
V  [jvm.dll+0x18e3b1]
V  [jvm.dll+0x1ea822]
V  [jvm.dll+0x1e996e]
V  [jvm.dll+0x178567]
V  [jvm.dll+0x1f9225]
V  [jvm.dll+0x1f72cc]
V  [jvm.dll+0x74495d]
V  [jvm.dll+0x73d75a]
V  [jvm.dll+0x629c56]
C  [ucrtbase.dll+0x21bb2]
C  [KERNEL32.DLL+0x17034]
C  [ntdll.dll+0x52651]


---------------  P R O C E S S  ---------------

Threads class SMR info:
_java_thread_list=0x0000026615b07460, length=25, elements={
0x0000026676028f20, 0x000002667ebc45d0, 0x000002667ebc5ef0, 0x000002667ebe3d20,
0x000002667ebe46e0, 0x000002667ebe6850, 0x000002667ebeaef0, 0x000002667ebf3790,
0x000002667ebf52e0, 0x0000026611093620, 0x0000026611183340, 0x00000266119dc9f0,
0x0000026611a527b0, 0x00000266117f87e0, 0x00000266117efc30, 0x00000266122d1300,
0x000002661231a4f0, 0x000002661236c050, 0x0000026612508040, 0x00000266127497c0,
0x0000026612748950, 0x0000026612747ae0, 0x0000026612746c70, 0x00000266127492f0,
0x0000026612747140
}

Java Threads: ( => current thread )
  0x0000026676028f20 JavaThread "main" [_thread_blocked, id=4484, stack(0x0000007648a00000,0x0000007648b00000)]
  0x000002667ebc45d0 JavaThread "Reference Handler" daemon [_thread_blocked, id=15372, stack(0x0000007648d00000,0x0000007648e00000)]
  0x000002667ebc5ef0 JavaThread "Finalizer" daemon [_thread_blocked, id=16296, stack(0x0000007648e00000,0x0000007648f00000)]
  0x000002667ebe3d20 JavaThread "Signal Dispatcher" daemon [_thread_blocked, id=7140, stack(0x0000007648f00000,0x0000007649000000)]
  0x000002667ebe46e0 JavaThread "Attach Listener" daemon [_thread_blocked, id=7396, stack(0x0000007649000000,0x0000007649100000)]
  0x000002667ebe6850 JavaThread "Service Thread" daemon [_thread_blocked, id=14448, stack(0x0000007649100000,0x0000007649200000)]
=>0x000002667ebeaef0 JavaThread "C2 CompilerThread0" daemon [_thread_in_native, id=15476, stack(0x0000007649200000,0x0000007649300000)]
  0x000002667ebf3790 JavaThread "C1 CompilerThread0" daemon [_thread_blocked, id=12276, stack(0x0000007649300000,0x0000007649400000)]
  0x000002667ebf52e0 JavaThread "Sweeper thread" daemon [_thread_blocked, id=3988, stack(0x0000007649400000,0x0000007649500000)]
  0x0000026611093620 JavaThread "Common-Cleaner" daemon [_thread_blocked, id=1384, stack(0x0000007649500000,0x0000007649600000)]
  0x0000026611183340 JavaThread "Notification Thread" daemon [_thread_blocked, id=13732, stack(0x0000007649600000,0x0000007649700000)]
  0x00000266119dc9f0 JavaThread "Active Thread: Equinox Container: 07c13d5e-5de4-4e68-b6d4-8c67d51791b1" [_thread_blocked, id=15812, stack(0x0000007649900000,0x0000007649a00000)]
  0x0000026611a527b0 JavaThread "Framework Event Dispatcher: Equinox Container: 07c13d5e-5de4-4e68-b6d4-8c67d51791b1" daemon [_thread_blocked, id=7392, stack(0x0000007649d00000,0x0000007649e00000)]
  0x00000266117f87e0 JavaThread "Start Level: Equinox Container: 07c13d5e-5de4-4e68-b6d4-8c67d51791b1" daemon [_thread_blocked, id=6972, stack(0x0000007649e00000,0x0000007649f00000)]
  0x00000266117efc30 JavaThread "SCR Component Actor" daemon [_thread_blocked, id=11588, stack(0x0000007649f00000,0x000000764a000000)]
  0x00000266122d1300 JavaThread "Worker-JM" [_thread_blocked, id=3452, stack(0x000000764a100000,0x000000764a200000)]
  0x000002661231a4f0 JavaThread "Worker-0: Initialize workspace" [_thread_blocked, id=6332, stack(0x000000764a200000,0x000000764a300000)]
  0x000002661236c050 JavaThread "Worker-1" [_thread_blocked, id=12204, stack(0x000000764a300000,0x000000764a400000)]
  0x0000026612508040 JavaThread "Java indexing" daemon [_thread_in_Java, id=8240, stack(0x000000764a000000,0x000000764a100000)]
  0x00000266127497c0 JavaThread "Bundle File Closer" daemon [_thread_blocked, id=15804, stack(0x000000764a500000,0x000000764a600000)]
  0x0000026612748950 JavaThread "logback configurator timer" daemon [_thread_blocked, id=1468, stack(0x000000764a600000,0x000000764a700000)]
  0x0000026612747ae0 JavaThread "pool-2-thread-1" [_thread_in_native, id=15816, stack(0x000000764a700000,0x000000764a800000)]
  0x0000026612746c70 JavaThread "Worker-2: Refreshing workspace" [_thread_blocked, id=3624, stack(0x000000764a800000,0x000000764a900000)]
  0x00000266127492f0 JavaThread "Worker-3: Building" [_thread_in_vm, id=6896, stack(0x000000764a900000,0x000000764aa00000)]
  0x0000026612747140 JavaThread "Worker-4" [_thread_blocked, id=9660, stack(0x000000764a400000,0x000000764a500000)]

Other Threads:
  0x000002667ebc0a30 VMThread "VM Thread" [stack: 0x0000007648c00000,0x0000007648d00000] [id=5484]
  0x0000026611185130 WatcherThread [stack: 0x0000007649700000,0x0000007649800000] [id=4224]
  0x000002667603f340 GCTaskThread "GC Thread#0" [stack: 0x0000007648b00000,0x0000007648c00000] [id=11592]
  0x0000026611127430 GCTaskThread "GC Thread#1" [stack: 0x0000007649a00000,0x0000007649b00000] [id=13392]
  0x0000026611127760 GCTaskThread "GC Thread#2" [stack: 0x0000007649b00000,0x0000007649c00000] [id=10564]
  0x0000026611127a90 GCTaskThread "GC Thread#3" [stack: 0x0000007649c00000,0x0000007649d00000] [id=9856]

Threads with active compile tasks:
C2 CompilerThread0    16882 6468   !   4       org.eclipse.jdt.internal.core.search.indexing.BinaryIndexer::indexDocument (1144 bytes)

VM state: not at safepoint (normal execution)

VM Mutex/Monitor currently owned by a thread: None

Heap address: 0x00000000c0000000, size: 1024 MB, Compressed Oops mode: 32-bit
CDS archive(s) mapped at: [0x0000000800000000-0x0000000800b50000-0x0000000800b50000), size 11862016, SharedBaseAddress: 0x0000000800000000, ArchiveRelocationMode: 0.
Compressed class space mapped at: 0x0000000800b50000-0x0000000840b50000, size: 1073741824
Narrow klass base: 0x0000000800000000, Narrow klass shift: 3, Narrow klass range: 0x100000000

GC Precious Log:
 CPUs: 4 total, 4 available
 Memory: 16237M
 Large Page Support: Disabled
 NUMA Support: Disabled
 Compressed Oops: Enabled (32-bit)
 Heap Min Capacity: 100M
 Heap Initial Capacity: 100M
 Heap Max Capacity: 1G
 Pre-touch: Disabled
 Parallel Workers: 4

Heap:
 PSYoungGen      total 35328K, used 17826K [0x00000000eab00000, 0x00000000ee780000, 0x0000000100000000)
  eden space 25600K, 31% used [0x00000000eab00000,0x00000000eb2ec7b8,0x00000000ec400000)
  from space 9728K, 99% used [0x00000000ec400000,0x00000000ecd7c058,0x00000000ecd80000)
  to   space 17408K, 0% used [0x00000000ed680000,0x00000000ed680000,0x00000000ee780000)
 ParOldGen       total 284160K, used 247540K [0x00000000c0000000, 0x00000000d1580000, 0x00000000eab00000)
  object space 284160K, 87% used [0x00000000c0000000,0x00000000cf1bd338,0x00000000d1580000)
 Metaspace       used 50000K, capacity 52458K, committed 52784K, reserved 1095680K
  class space    used 5274K, capacity 6152K, committed 6272K, reserved 1048576K

Card table byte_map: [0x0000026675a10000,0x0000026675c20000] _byte_map_base: 0x0000026675410000

Marking Bits: (ParMarkBitMap*) 0x00007ffb928fc0f0
 Begin Bits: [0x000002660f000000, 0x0000026610000000)
 End Bits:   [0x0000026610000000, 0x0000026611000000)

Polling page: 0x0000026675800000

Metaspace:

Usage:
  Non-class:     45.22 MB capacity,    43.68 MB ( 97%) used,     1.48 MB (  3%) free+waste,    65.69 KB ( <1%) overhead. 
      Class:      6.01 MB capacity,     5.15 MB ( 86%) used,   848.70 KB ( 14%) free+waste,    28.62 KB ( <1%) overhead. 
       Both:     51.23 MB capacity,    48.83 MB ( 95%) used,     2.31 MB (  5%) free+waste,    94.31 KB ( <1%) overhead. 

Virtual space:
  Non-class space:       46.00 MB reserved,      45.42 MB ( 99%) committed 
      Class space:        1.00 GB reserved,       6.12 MB ( <1%) committed 
             Both:        1.04 GB reserved,      51.55 MB (  5%) committed 

Chunk freelists:
   Non-Class:  14.00 KB
       Class:  24.00 KB
        Both:  38.00 KB

MaxMetaspaceSize: 17179869184.00 GB
CompressedClassSpaceSize: 1.00 GB

CodeHeap 'non-profiled nmethods': size=120000Kb used=4498Kb max_used=4498Kb free=115501Kb
 bounds [0x0000026607ad0000, 0x0000026607f40000, 0x000002660f000000]
CodeHeap 'profiled nmethods': size=120000Kb used=11534Kb max_used=11534Kb free=108466Kb
 bounds [0x00000266005a0000, 0x00000266010f0000, 0x0000026607ad0000]
CodeHeap 'non-nmethods': size=5760Kb used=1343Kb max_used=1464Kb free=4417Kb
 bounds [0x0000026600000000, 0x0000026600270000, 0x00000266005a0000]
 total_blobs=6304 nmethods=5663 adapters=554
 compilation: enabled
              stopped_count=0, restarted_count=0
 full_count=0

Compilation events (20 events):
Event: 16.751 Thread 0x000002667ebf3790 6521       3       org.eclipse.jdt.internal.compiler.util.HashtableOfPackage::<init> (6 bytes)
Event: 16.751 Thread 0x000002667ebf3790 nmethod 6521 0x00000266010df090 code [0x00000266010df240, 0x00000266010df368]
Event: 16.754 Thread 0x000002667ebf3790 6522       3       java.lang.invoke.DirectMethodHandle::shouldBeInitialized (127 bytes)
Event: 16.755 Thread 0x000002667ebf3790 nmethod 6522 0x00000266010df410 code [0x00000266010df7a0, 0x00000266010e0c78]
Event: 16.762 Thread 0x000002667ebf3790 6524       3       org.eclipse.jdt.internal.compiler.lookup.PackageBinding::clearMissingTagBit (24 bytes)
Event: 16.762 Thread 0x000002667ebf3790 nmethod 6524 0x00000266010e1290 code [0x00000266010e1420, 0x00000266010e15f8]
Event: 16.762 Thread 0x000002667ebf3790 6525       3       java.util.Spliterators$ArraySpliterator::forEachRemaining (68 bytes)
Event: 16.762 Thread 0x000002667ebf3790 nmethod 6525 0x00000266010e1710 code [0x00000266010e18e0, 0x00000266010e1d78]
Event: 16.762 Thread 0x000002667ebf3790 6528       3       jdk.internal.jrtfs.JrtFileSystem::checkNode (40 bytes)
Event: 16.763 Thread 0x000002667ebf3790 nmethod 6528 0x00000266010e1f10 code [0x00000266010e2100, 0x00000266010e2568]
Event: 16.763 Thread 0x000002667ebf3790 6527       3       org.eclipse.jdt.internal.core.builder.ClasspathJrt::hashCode (22 bytes)
Event: 16.763 Thread 0x000002667ebf3790 nmethod 6527 0x00000266010e2790 code [0x00000266010e2940, 0x00000266010e2af8]
Event: 16.763 Thread 0x000002667ebf3790 6526       3       java.util.Arrays::stream (8 bytes)
Event: 16.763 Thread 0x000002667ebf3790 nmethod 6526 0x00000266010e2c10 code [0x00000266010e2dc0, 0x00000266010e2fd8]
Event: 16.764 Thread 0x000002667ebf3790 6529       3       java.lang.invoke.BoundMethodHandle::rebind (14 bytes)
Event: 16.764 Thread 0x000002667ebf3790 nmethod 6529 0x00000266010e3110 code [0x00000266010e3300, 0x00000266010e3868]
Event: 16.764 Thread 0x000002667ebf3790 6530       3       java.lang.invoke.BoundMethodHandle::tooComplex (27 bytes)
Event: 16.764 Thread 0x000002667ebf3790 nmethod 6530 0x00000266010e3a90 code [0x00000266010e3c60, 0x00000266010e40d8]
Event: 16.772 Thread 0x000002667ebf3790 6531       3       java.lang.ThreadLocal::setInitialValue (50 bytes)
Event: 16.773 Thread 0x000002667ebf3790 nmethod 6531 0x00000266010e4290 code [0x00000266010e44c0, 0x00000266010e4e38]

GC Heap History (20 events):
Event: 15.792 GC heap before
{Heap before GC invocations=127 (full 8):
 PSYoungGen      total 18944K, used 18516K [0x00000000eab00000, 0x00000000ec380000, 0x0000000100000000)
  eden space 13824K, 100% used [0x00000000eab00000,0x00000000eb880000,0x00000000eb880000)
  from space 5120K, 91% used [0x00000000ebe80000,0x00000000ec3150a0,0x00000000ec380000)
  to   space 5632K, 0% used [0x00000000eb880000,0x00000000eb880000,0x00000000ebe00000)
 ParOldGen       total 236544K, used 217079K [0x00000000c0000000, 0x00000000ce700000, 0x00000000eab00000)
  object space 236544K, 91% used [0x00000000c0000000,0x00000000cd3fdc48,0x00000000ce700000)
 Metaspace       used 49529K, capacity 52004K, committed 52144K, reserved 1095680K
  class space    used 5211K, capacity 6086K, committed 6144K, reserved 1048576K
}
Event: 15.796 GC heap after
{Heap after GC invocations=127 (full 8):
 PSYoungGen      total 19456K, used 5615K [0x00000000eab00000, 0x00000000eca00000, 0x0000000100000000)
  eden space 13824K, 0% used [0x00000000eab00000,0x00000000eab00000,0x00000000eb880000)
  from space 5632K, 99% used [0x00000000eb880000,0x00000000ebdfbc70,0x00000000ebe00000)
  to   space 8192K, 0% used [0x00000000ec200000,0x00000000ec200000,0x00000000eca00000)
 ParOldGen       total 236544K, used 218961K [0x00000000c0000000, 0x00000000ce700000, 0x00000000eab00000)
  object space 236544K, 92% used [0x00000000c0000000,0x00000000cd5d47b0,0x00000000ce700000)
 Metaspace       used 49529K, capacity 52004K, committed 52144K, reserved 1095680K
  class space    used 5211K, capacity 6086K, committed 6144K, reserved 1048576K
}
Event: 15.838 GC heap before
{Heap before GC invocations=128 (full 8):
 PSYoungGen      total 19456K, used 19439K [0x00000000eab00000, 0x00000000eca00000, 0x0000000100000000)
  eden space 13824K, 100% used [0x00000000eab00000,0x00000000eb880000,0x00000000eb880000)
  from space 5632K, 99% used [0x00000000eb880000,0x00000000ebdfbc70,0x00000000ebe00000)
  to   space 8192K, 0% used [0x00000000ec200000,0x00000000ec200000,0x00000000eca00000)
 ParOldGen       total 236544K, used 218961K [0x00000000c0000000, 0x00000000ce700000, 0x00000000eab00000)
  object space 236544K, 92% used [0x00000000c0000000,0x00000000cd5d47b0,0x00000000ce700000)
 Metaspace       used 49529K, capacity 52004K, committed 52144K, reserved 1095680K
  class space    used 5211K, capacity 6086K, committed 6144K, reserved 1048576K
}
Event: 15.846 GC heap after
{Heap after GC invocations=128 (full 8):
 PSYoungGen      total 20992K, used 5132K [0x00000000eab00000, 0x00000000ec780000, 0x0000000100000000)
  eden space 15360K, 0% used [0x00000000eab00000,0x00000000eab00000,0x00000000eba00000)
  from space 5632K, 91% used [0x00000000ec200000,0x00000000ec703008,0x00000000ec780000)
  to   space 6144K, 0% used [0x00000000ebb80000,0x00000000ebb80000,0x00000000ec180000)
 ParOldGen       total 236544K, used 222474K [0x00000000c0000000, 0x00000000ce700000, 0x00000000eab00000)
  object space 236544K, 94% used [0x00000000c0000000,0x00000000cd942b20,0x00000000ce700000)
 Metaspace       used 49529K, capacity 52004K, committed 52144K, reserved 1095680K
  class space    used 5211K, capacity 6086K, committed 6144K, reserved 1048576K
}
Event: 15.896 GC heap before
{Heap before GC invocations=129 (full 8):
 PSYoungGen      total 20992K, used 20492K [0x00000000eab00000, 0x00000000ec780000, 0x0000000100000000)
  eden space 15360K, 100% used [0x00000000eab00000,0x00000000eba00000,0x00000000eba00000)
  from space 5632K, 91% used [0x00000000ec200000,0x00000000ec703008,0x00000000ec780000)
  to   space 6144K, 0% used [0x00000000ebb80000,0x00000000ebb80000,0x00000000ec180000)
 ParOldGen       total 236544K, used 222474K [0x00000000c0000000, 0x00000000ce700000, 0x00000000eab00000)
  object space 236544K, 94% used [0x00000000c0000000,0x00000000cd942b20,0x00000000ce700000)
 Metaspace       used 49529K, capacity 52004K, committed 52144K, reserved 1095680K
  class space    used 5211K, capacity 6086K, committed 6144K, reserved 1048576K
}
Event: 15.900 GC heap after
{Heap after GC invocations=129 (full 8):
 PSYoungGen      total 23040K, used 6132K [0x00000000eab00000, 0x00000000ecd80000, 0x0000000100000000)
  eden space 16896K, 0% used [0x00000000eab00000,0x00000000eab00000,0x00000000ebb80000)
  from space 6144K, 99% used [0x00000000ebb80000,0x00000000ec17d2b8,0x00000000ec180000)
  to   space 9216K, 0% used [0x00000000ec480000,0x00000000ec480000,0x00000000ecd80000)
 ParOldGen       total 236544K, used 224594K [0x00000000c0000000, 0x00000000ce700000, 0x00000000eab00000)
  object space 236544K, 94% used [0x00000000c0000000,0x00000000cdb54a88,0x00000000ce700000)
 Metaspace       used 49529K, capacity 52004K, committed 52144K, reserved 1095680K
  class space    used 5211K, capacity 6086K, committed 6144K, reserved 1048576K
}
Event: 15.951 GC heap before
{Heap before GC invocations=130 (full 8):
 PSYoungGen      total 23040K, used 23028K [0x00000000eab00000, 0x00000000ecd80000, 0x0000000100000000)
  eden space 16896K, 100% used [0x00000000eab00000,0x00000000ebb80000,0x00000000ebb80000)
  from space 6144K, 99% used [0x00000000ebb80000,0x00000000ec17d2b8,0x00000000ec180000)
  to   space 9216K, 0% used [0x00000000ec480000,0x00000000ec480000,0x00000000ecd80000)
 ParOldGen       total 236544K, used 224594K [0x00000000c0000000, 0x00000000ce700000, 0x00000000eab00000)
  object space 236544K, 94% used [0x00000000c0000000,0x00000000cdb54a88,0x00000000ce700000)
 Metaspace       used 49529K, capacity 52004K, committed 52144K, reserved 1095680K
  class space    used 5211K, capacity 6086K, committed 6144K, reserved 1048576K
}
Event: 15.957 GC heap after
{Heap after GC invocations=130 (full 8):
 PSYoungGen      total 26112K, used 5999K [0x00000000eab00000, 0x00000000ecb80000, 0x0000000100000000)
  eden space 18944K, 0% used [0x00000000eab00000,0x00000000eab00000,0x00000000ebd80000)
  from space 7168K, 83% used [0x00000000ec480000,0x00000000eca5be58,0x00000000ecb80000)
  to   space 7168K, 0% used [0x00000000ebd80000,0x00000000ebd80000,0x00000000ec480000)
 ParOldGen       total 236544K, used 228517K [0x00000000c0000000, 0x00000000ce700000, 0x00000000eab00000)
  object space 236544K, 96% used [0x00000000c0000000,0x00000000cdf297b0,0x00000000ce700000)
 Metaspace       used 49529K, capacity 52004K, committed 52144K, reserved 1095680K
  class space    used 5211K, capacity 6086K, committed 6144K, reserved 1048576K
}
Event: 16.016 GC heap before
{Heap before GC invocations=131 (full 8):
 PSYoungGen      total 26112K, used 24943K [0x00000000eab00000, 0x00000000ecb80000, 0x0000000100000000)
  eden space 18944K, 100% used [0x00000000eab00000,0x00000000ebd80000,0x00000000ebd80000)
  from space 7168K, 83% used [0x00000000ec480000,0x00000000eca5be58,0x00000000ecb80000)
  to   space 7168K, 0% used [0x00000000ebd80000,0x00000000ebd80000,0x00000000ec480000)
 ParOldGen       total 236544K, used 228517K [0x00000000c0000000, 0x00000000ce700000, 0x00000000eab00000)
  object space 236544K, 96% used [0x00000000c0000000,0x00000000cdf297b0,0x00000000ce700000)
 Metaspace       used 49529K, capacity 52004K, committed 52144K, reserved 1095680K
  class space    used 5211K, capacity 6086K, committed 6144K, reserved 1048576K
}
Event: 16.022 GC heap after
{Heap after GC invocations=131 (full 8):
 PSYoungGen      total 26112K, used 7136K [0x00000000eab00000, 0x00000000ed680000, 0x0000000100000000)
  eden space 18944K, 0% used [0x00000000eab00000,0x00000000eab00000,0x00000000ebd80000)
  from space 7168K, 99% used [0x00000000ebd80000,0x00000000ec4780e0,0x00000000ec480000)
  to   space 11776K, 0% used [0x00000000ecb00000,0x00000000ecb00000,0x00000000ed680000)
 ParOldGen       total 236544K, used 232069K [0x00000000c0000000, 0x00000000ce700000, 0x00000000eab00000)
  object space 236544K, 98% used [0x00000000c0000000,0x00000000ce2a1668,0x00000000ce700000)
 Metaspace       used 49529K, capacity 52004K, committed 52144K, reserved 1095680K
  class space    used 5211K, capacity 6086K, committed 6144K, reserved 1048576K
}
Event: 16.089 GC heap before
{Heap before GC invocations=132 (full 8):
 PSYoungGen      total 26112K, used 26080K [0x00000000eab00000, 0x00000000ed680000, 0x0000000100000000)
  eden space 18944K, 100% used [0x00000000eab00000,0x00000000ebd80000,0x00000000ebd80000)
  from space 7168K, 99% used [0x00000000ebd80000,0x00000000ec4780e0,0x00000000ec480000)
  to   space 11776K, 0% used [0x00000000ecb00000,0x00000000ecb00000,0x00000000ed680000)
 ParOldGen       total 236544K, used 232069K [0x00000000c0000000, 0x00000000ce700000, 0x00000000eab00000)
  object space 236544K, 98% used [0x00000000c0000000,0x00000000ce2a1668,0x00000000ce700000)
 Metaspace       used 49537K, capacity 52004K, committed 52144K, reserved 1095680K
  class space    used 5212K, capacity 6086K, committed 6144K, reserved 1048576K
}
Event: 16.095 GC heap after
{Heap after GC invocations=132 (full 8):
 PSYoungGen      total 28160K, used 7059K [0x00000000eab00000, 0x00000000ed200000, 0x0000000100000000)
  eden space 20992K, 0% used [0x00000000eab00000,0x00000000eab00000,0x00000000ebf80000)
  from space 7168K, 98% used [0x00000000ecb00000,0x00000000ed1e4ea0,0x00000000ed200000)
  to   space 8704K, 0% used [0x00000000ec100000,0x00000000ec100000,0x00000000ec980000)
 ParOldGen       total 236544K, used 236121K [0x00000000c0000000, 0x00000000ce700000, 0x00000000eab00000)
  object space 236544K, 99% used [0x00000000c0000000,0x00000000ce6966b8,0x00000000ce700000)
 Metaspace       used 49537K, capacity 52004K, committed 52144K, reserved 1095680K
  class space    used 5212K, capacity 6086K, committed 6144K, reserved 1048576K
}
Event: 16.095 GC heap before
{Heap before GC invocations=133 (full 9):
 PSYoungGen      total 28160K, used 7059K [0x00000000eab00000, 0x00000000ed200000, 0x0000000100000000)
  eden space 20992K, 0% used [0x00000000eab00000,0x00000000eab00000,0x00000000ebf80000)
  from space 7168K, 98% used [0x00000000ecb00000,0x00000000ed1e4ea0,0x00000000ed200000)
  to   space 8704K, 0% used [0x00000000ec100000,0x00000000ec100000,0x00000000ec980000)
 ParOldGen       total 236544K, used 236121K [0x00000000c0000000, 0x00000000ce700000, 0x00000000eab00000)
  object space 236544K, 99% used [0x00000000c0000000,0x00000000ce6966b8,0x00000000ce700000)
 Metaspace       used 49537K, capacity 52004K, committed 52144K, reserved 1095680K
  class space    used 5212K, capacity 6086K, committed 6144K, reserved 1048576K
}
Event: 16.345 GC heap after
{Heap after GC invocations=133 (full 9):
 PSYoungGen      total 30208K, used 4469K [0x00000000eab00000, 0x00000000ed280000, 0x0000000100000000)
  eden space 23040K, 0% used [0x00000000eab00000,0x00000000eab00000,0x00000000ec180000)
  from space 7168K, 62% used [0x00000000ecb00000,0x00000000ecf5d6f0,0x00000000ed200000)
  to   space 8704K, 0% used [0x00000000ec180000,0x00000000ec180000,0x00000000eca00000)
 ParOldGen       total 284160K, used 236297K [0x00000000c0000000, 0x00000000d1580000, 0x00000000eab00000)
  object space 284160K, 83% used [0x00000000c0000000,0x00000000ce6c2558,0x00000000d1580000)
 Metaspace       used 49537K, capacity 52004K, committed 52144K, reserved 1095680K
  class space    used 5212K, capacity 6086K, committed 6144K, reserved 1048576K
}
Event: 16.497 GC heap before
{Heap before GC invocations=134 (full 9):
 PSYoungGen      total 30208K, used 27509K [0x00000000eab00000, 0x00000000ed280000, 0x0000000100000000)
  eden space 23040K, 100% used [0x00000000eab00000,0x00000000ec180000,0x00000000ec180000)
  from space 7168K, 62% used [0x00000000ecb00000,0x00000000ecf5d6f0,0x00000000ed200000)
  to   space 8704K, 0% used [0x00000000ec180000,0x00000000ec180000,0x00000000eca00000)
 ParOldGen       total 284160K, used 236297K [0x00000000c0000000, 0x00000000d1580000, 0x00000000eab00000)
  object space 284160K, 83% used [0x00000000c0000000,0x00000000ce6c2558,0x00000000d1580000)
 Metaspace       used 49544K, capacity 52004K, committed 52144K, reserved 1095680K
  class space    used 5212K, capacity 6086K, committed 6144K, reserved 1048576K
}
Event: 16.517 GC heap after
{Heap after GC invocations=134 (full 9):
 PSYoungGen      total 31744K, used 8695K [0x00000000eab00000, 0x00000000ed780000, 0x0000000100000000)
  eden space 23040K, 0% used [0x00000000eab00000,0x00000000eab00000,0x00000000ec180000)
  from space 8704K, 99% used [0x00000000ec180000,0x00000000ec9fdea0,0x00000000eca00000)
  to   space 10240K, 0% used [0x00000000ecd80000,0x00000000ecd80000,0x00000000ed780000)
 ParOldGen       total 284160K, used 237107K [0x00000000c0000000, 0x00000000d1580000, 0x00000000eab00000)
  object space 284160K, 83% used [0x00000000c0000000,0x00000000ce78cc70,0x00000000d1580000)
 Metaspace       used 49544K, capacity 52004K, committed 52144K, reserved 1095680K
  class space    used 5212K, capacity 6086K, committed 6144K, reserved 1048576K
}
Event: 16.630 GC heap before
{Heap before GC invocations=135 (full 9):
 PSYoungGen      total 31744K, used 31735K [0x00000000eab00000, 0x00000000ed780000, 0x0000000100000000)
  eden space 23040K, 100% used [0x00000000eab00000,0x00000000ec180000,0x00000000ec180000)
  from space 8704K, 99% used [0x00000000ec180000,0x00000000ec9fdea0,0x00000000eca00000)
  to   space 10240K, 0% used [0x00000000ecd80000,0x00000000ecd80000,0x00000000ed780000)
 ParOldGen       total 284160K, used 237107K [0x00000000c0000000, 0x00000000d1580000, 0x00000000eab00000)
  object space 284160K, 83% used [0x00000000c0000000,0x00000000ce78cc70,0x00000000d1580000)
 Metaspace       used 49547K, capacity 52004K, committed 52144K, reserved 1095680K
  class space    used 5212K, capacity 6086K, committed 6144K, reserved 1048576K
}
Event: 16.637 GC heap after
{Heap after GC invocations=135 (full 9):
 PSYoungGen      total 34816K, used 9384K [0x00000000eab00000, 0x00000000ed700000, 0x0000000100000000)
  eden space 25088K, 0% used [0x00000000eab00000,0x00000000eab00000,0x00000000ec380000)
  from space 9728K, 96% used [0x00000000ecd80000,0x00000000ed6aa180,0x00000000ed700000)
  to   space 9728K, 0% used [0x00000000ec400000,0x00000000ec400000,0x00000000ecd80000)
 ParOldGen       total 284160K, used 241373K [0x00000000c0000000, 0x00000000d1580000, 0x00000000eab00000)
  object space 284160K, 84% used [0x00000000c0000000,0x00000000cebb7520,0x00000000d1580000)
 Metaspace       used 49547K, capacity 52004K, committed 52144K, reserved 1095680K
  class space    used 5212K, capacity 6086K, committed 6144K, reserved 1048576K
}
Event: 16.826 GC heap before
{Heap before GC invocations=136 (full 9):
 PSYoungGen      total 34816K, used 34472K [0x00000000eab00000, 0x00000000ed700000, 0x0000000100000000)
  eden space 25088K, 100% used [0x00000000eab00000,0x00000000ec380000,0x00000000ec380000)
  from space 9728K, 96% used [0x00000000ecd80000,0x00000000ed6aa180,0x00000000ed700000)
  to   space 9728K, 0% used [0x00000000ec400000,0x00000000ec400000,0x00000000ecd80000)
 ParOldGen       total 284160K, used 241373K [0x00000000c0000000, 0x00000000d1580000, 0x00000000eab00000)
  object space 284160K, 84% used [0x00000000c0000000,0x00000000cebb7520,0x00000000d1580000)
 Metaspace       used 49996K, capacity 52394K, committed 52528K, reserved 1095680K
  class space    used 5274K, capacity 6152K, committed 6272K, reserved 1048576K
}
Event: 16.834 GC heap after
{Heap after GC invocations=136 (full 9):
 PSYoungGen      total 35328K, used 9712K [0x00000000eab00000, 0x00000000ee780000, 0x0000000100000000)
  eden space 25600K, 0% used [0x00000000eab00000,0x00000000eab00000,0x00000000ec400000)
  from space 9728K, 99% used [0x00000000ec400000,0x00000000ecd7c058,0x00000000ecd80000)
  to   space 17408K, 0% used [0x00000000ed680000,0x00000000ed680000,0x00000000ee780000)
 ParOldGen       total 284160K, used 247540K [0x00000000c0000000, 0x00000000d1580000, 0x00000000eab00000)
  object space 284160K, 87% used [0x00000000c0000000,0x00000000cf1bd338,0x00000000d1580000)
 Metaspace       used 49996K, capacity 52394K, committed 52528K, reserved 1095680K
  class space    used 5274K, capacity 6152K, committed 6272K, reserved 1048576K
}

Deoptimization events (20 events):
Event: 16.684 Thread 0x00000266127492f0 Uncommon trap: trap_request=0xffffff45 fr.pc=0x0000026607c78ae8 relative=0x00000000000001c8
Event: 16.684 Thread 0x00000266127492f0 Uncommon trap: reason=unstable_if action=reinterpret pc=0x0000026607c78ae8 method=org.eclipse.jdt.internal.compiler.parser.Scanner.scanIdentifierOrKeywordWithBoundCheck()I @ 146 c2
Event: 16.684 Thread 0x00000266127492f0 DEOPT PACKING pc=0x0000026607c78ae8 sp=0x000000764a9fde30
Event: 16.684 Thread 0x00000266127492f0 DEOPT UNPACKING pc=0x000002660004e42f sp=0x000000764a9fddb8 mode 2
Event: 16.731 Thread 0x00000266127492f0 Uncommon trap: trap_request=0xffffff45 fr.pc=0x0000026607c4912c relative=0x000000000000018c
Event: 16.731 Thread 0x00000266127492f0 Uncommon trap: reason=unstable_if action=reinterpret pc=0x0000026607c4912c method=org.eclipse.jdt.core.compiler.CharOperation.subarray([CII)[C @ 2 c2
Event: 16.731 Thread 0x00000266127492f0 DEOPT PACKING pc=0x0000026607c4912c sp=0x000000764a9fdcc0
Event: 16.731 Thread 0x00000266127492f0 DEOPT UNPACKING pc=0x000002660004e42f sp=0x000000764a9fdc80 mode 2
Event: 16.744 Thread 0x0000026612749c90 Uncommon trap: trap_request=0xffffffc6 fr.pc=0x0000026607e1c68c relative=0x00000000000006ac
Event: 16.744 Thread 0x0000026612749c90 Uncommon trap: reason=bimorphic_or_optimized_type_check action=maybe_recompile pc=0x0000026607e1c68c method=java.util.HashMap.removeNode(ILjava/lang/Object;Ljava/lang/Object;ZZ)Ljava/util/HashMap$Node; @ 283 c2
Event: 16.744 Thread 0x0000026612749c90 DEOPT PACKING pc=0x0000026607e1c68c sp=0x000000764abfed50
Event: 16.744 Thread 0x0000026612749c90 DEOPT UNPACKING pc=0x000002660004e42f sp=0x000000764abfec58 mode 2
Event: 16.757 Thread 0x00000266127492f0 Uncommon trap: trap_request=0xffffff45 fr.pc=0x0000026607cda980 relative=0x0000000000000b40
Event: 16.757 Thread 0x00000266127492f0 Uncommon trap: reason=unstable_if action=reinterpret pc=0x0000026607cda980 method=jdk.internal.jrtfs.JrtFileSystem.checkNode(Ljdk/internal/jrtfs/JrtPath;)Ljdk/internal/jimage/ImageReader$Node; @ 16 c2
Event: 16.757 Thread 0x00000266127492f0 DEOPT PACKING pc=0x0000026607cda980 sp=0x000000764a9fd580
Event: 16.757 Thread 0x00000266127492f0 DEOPT UNPACKING pc=0x000002660004e42f sp=0x000000764a9fd570 mode 2
Event: 16.757 Thread 0x00000266127492f0 Uncommon trap: trap_request=0xfffffff4 fr.pc=0x0000026607e8273c relative=0x00000000000001dc
Event: 16.757 Thread 0x00000266127492f0 Uncommon trap: reason=null_check action=make_not_entrant pc=0x0000026607e8273c method=org.eclipse.jdt.internal.compiler.util.JrtFileSystem.getFileBytes(Ljava/lang/String;Ljava/lang/String;)[B @ 59 c2
Event: 16.757 Thread 0x00000266127492f0 DEOPT PACKING pc=0x0000026607e8273c sp=0x000000764a9fd830
Event: 16.757 Thread 0x00000266127492f0 DEOPT UNPACKING pc=0x000002660004e42f sp=0x000000764a9fd7d0 mode 2

Classes unloaded (0 events):
No events

Classes redefined (0 events):
No events

Internal exceptions (20 events):
Event: 16.638 Thread 0x00000266127492f0 Exception <a 'sun/nio/fs/WindowsException'{0x00000000eab00908}> (0x00000000eab00908) 
thrown [./open/src/hotspot/share/prims/jni.cpp, line 578]
Event: 16.645 Thread 0x00000266127492f0 Exception <a 'sun/nio/fs/WindowsException'{0x00000000eab87a60}> (0x00000000eab87a60) 
thrown [./open/src/hotspot/share/prims/jni.cpp, line 578]
Event: 16.647 Thread 0x00000266127492f0 Exception <a 'sun/nio/fs/WindowsException'{0x00000000eac83b08}> (0x00000000eac83b08) 
thrown [./open/src/hotspot/share/prims/jni.cpp, line 578]
Event: 16.648 Thread 0x00000266127492f0 Exception <a 'sun/nio/fs/WindowsException'{0x00000000eac8aed0}> (0x00000000eac8aed0) 
thrown [./open/src/hotspot/share/prims/jni.cpp, line 578]
Event: 16.651 Thread 0x00000266127492f0 Exception <a 'sun/nio/fs/WindowsException'{0x00000000ead08628}> (0x00000000ead08628) 
thrown [./open/src/hotspot/share/prims/jni.cpp, line 578]
Event: 16.662 Thread 0x00000266127492f0 Exception <a 'sun/nio/fs/WindowsException'{0x00000000eae0ae30}> (0x00000000eae0ae30) 
thrown [./open/src/hotspot/share/prims/jni.cpp, line 578]
Event: 16.664 Thread 0x00000266127492f0 Exception <a 'sun/nio/fs/WindowsException'{0x00000000eae11f38}> (0x00000000eae11f38) 
thrown [./open/src/hotspot/share/prims/jni.cpp, line 578]
Event: 16.667 Thread 0x00000266127492f0 Exception <a 'sun/nio/fs/WindowsException'{0x00000000eae8f670}> (0x00000000eae8f670) 
thrown [./open/src/hotspot/share/prims/jni.cpp, line 578]
Event: 16.675 Thread 0x00000266127492f0 Exception <a 'sun/nio/fs/WindowsException'{0x00000000eaf91960}> (0x00000000eaf91960) 
thrown [./open/src/hotspot/share/prims/jni.cpp, line 578]
Event: 16.676 Thread 0x00000266127492f0 Exception <a 'sun/nio/fs/WindowsException'{0x00000000eaf98a50}> (0x00000000eaf98a50) 
thrown [./open/src/hotspot/share/prims/jni.cpp, line 578]
Event: 16.679 Thread 0x00000266127492f0 Exception <a 'sun/nio/fs/WindowsException'{0x00000000eafa02e0}> (0x00000000eafa02e0) 
thrown [./open/src/hotspot/share/prims/jni.cpp, line 578]
Event: 16.688 Thread 0x00000266127492f0 Exception <a 'sun/nio/fs/WindowsException'{0x00000000eb0110c8}> (0x00000000eb0110c8) 
thrown [./open/src/hotspot/share/prims/jni.cpp, line 578]
Event: 16.691 Thread 0x00000266127492f0 Exception <a 'sun/nio/fs/WindowsException'{0x00000000eb01d450}> (0x00000000eb01d450) 
thrown [./open/src/hotspot/share/prims/jni.cpp, line 578]
Event: 16.693 Thread 0x00000266127492f0 Exception <a 'sun/nio/fs/WindowsException'{0x00000000eb027500}> (0x00000000eb027500) 
thrown [./open/src/hotspot/share/prims/jni.cpp, line 578]
Event: 16.698 Thread 0x00000266127492f0 Exception <a 'sun/nio/fs/WindowsException'{0x00000000eb034be0}> (0x00000000eb034be0) 
thrown [./open/src/hotspot/share/prims/jni.cpp, line 578]
Event: 16.706 Thread 0x00000266127492f0 Exception <a 'sun/nio/fs/WindowsException'{0x00000000eb03f318}> (0x00000000eb03f318) 
thrown [./open/src/hotspot/share/prims/jni.cpp, line 578]
Event: 16.731 Thread 0x00000266127492f0 Exception <a 'java/lang/ArrayIndexOutOfBoundsException'{0x00000000eb355c70}: Index 0 out of bounds for length 0> (0x00000000eb355c70) 
thrown [./open/src/hotspot/share/interpreter/interpreterRuntime.cpp, line 443]
Event: 16.744 Thread 0x00000266127492f0 Exception <a 'java/lang/NoSuchMethodError'{0x00000000eb4d6b58}: 'int java.lang.invoke.DirectMethodHandle$Holder.invokeVirtual(java.lang.Object, java.lang.Object)'> (0x00000000eb4d6b58) 
thrown [./open/src/hotspot/share/interpreter/linkResolver.cpp, line 782]
Event: 16.757 Thread 0x00000266127492f0 Implicit null exception at 0x0000026607e82680 to 0x0000026607e82730
Event: 16.761 Thread 0x00000266127492f0 Exception <a 'java/lang/NoSuchMethodError'{0x00000000eb6c7548}: 'int java.lang.invoke.DirectMethodHandle$Holder.invokeVirtual(java.lang.Object, java.lang.Object, java.lang.Object)'> (0x00000000eb6c7548) 
thrown [./open/src/hotspot/share/interpreter/linkResolver.cpp, line 782]

Events (20 events):
Event: 16.761 loading class java/util/stream/ReduceOps$4ReducingSink
Event: 16.761 loading class java/util/stream/ReduceOps$4ReducingSink done
Event: 16.763 loading class java/nio/file/Files$2
Event: 16.763 loading class java/nio/file/Files$2 done
Event: 16.764 loading class java/util/stream/MatchOps$MatchKind
Event: 16.764 loading class java/util/stream/MatchOps$MatchKind done
Event: 16.764 loading class java/util/stream/MatchOps
Event: 16.764 loading class java/util/stream/MatchOps done
Event: 16.764 loading class java/util/stream/MatchOps$MatchOp
Event: 16.764 loading class java/util/stream/MatchOps$MatchOp done
Event: 16.764 loading class java/util/stream/MatchOps$BooleanTerminalSink
Event: 16.764 loading class java/util/stream/MatchOps$BooleanTerminalSink done
Event: 16.764 loading class java/util/stream/MatchOps$1MatchSink
Event: 16.764 loading class java/util/stream/MatchOps$1MatchSink done
Event: 16.765 Thread 0x0000026612749c90 Thread added: 0x0000026612749c90
Event: 16.774 loading class java/util/Hashtable$ValueCollection
Event: 16.774 loading class java/util/Hashtable$ValueCollection done
Event: 16.775 Thread 0x0000026612749c90 Thread exited: 0x0000026612749c90
Event: 16.826 Executing VM operation: ParallelGCFailedAllocation
Event: 16.834 Executing VM operation: ParallelGCFailedAllocation done


Dynamic libraries:
0x00007ff7689e0000 - 0x00007ff7689ef000 	C:\Program Files\Java\jdk-15.0.2\bin\java.exe
0x00007ffbe98f0000 - 0x00007ffbe9ae5000 	C:\WINDOWS\SYSTEM32\ntdll.dll
0x00007ffbe8ce0000 - 0x00007ffbe8d9d000 	C:\WINDOWS\System32\KERNEL32.DLL
0x00007ffbe7180000 - 0x00007ffbe7449000 	C:\WINDOWS\System32\KERNELBASE.dll
0x00007ffbe7600000 - 0x00007ffbe7700000 	C:\WINDOWS\System32\ucrtbase.dll
0x00007ffb9d100000 - 0x00007ffb9d118000 	C:\Program Files\Java\jdk-15.0.2\bin\jli.dll
0x00007ffbe81f0000 - 0x00007ffbe829c000 	C:\WINDOWS\System32\ADVAPI32.dll
0x00007ffbe7950000 - 0x00007ffbe79ee000 	C:\WINDOWS\System32\msvcrt.dll
0x00007ffbe8be0000 - 0x00007ffbe8c7b000 	C:\WINDOWS\System32\sechost.dll
0x00007ffbe8da0000 - 0x00007ffbe8eca000 	C:\WINDOWS\System32\RPCRT4.dll
0x00007ffbe8460000 - 0x00007ffbe8600000 	C:\WINDOWS\System32\USER32.dll
0x00007ffbe77b0000 - 0x00007ffbe77d2000 	C:\WINDOWS\System32\win32u.dll
0x00007ffbe81c0000 - 0x00007ffbe81ea000 	C:\WINDOWS\System32\GDI32.dll
0x00007ffbe7840000 - 0x00007ffbe794b000 	C:\WINDOWS\System32\gdi32full.dll
0x00007ffbe7450000 - 0x00007ffbe74ed000 	C:\WINDOWS\System32\msvcp_win.dll
0x00007ffba7f60000 - 0x00007ffba7f79000 	C:\Program Files\Java\jdk-15.0.2\bin\VCRUNTIME140.dll
0x00007ffbcc4e0000 - 0x00007ffbcc77a000 	C:\WINDOWS\WinSxS\amd64_microsoft.windows.common-controls_6595b64144ccf1df_6.0.19041.1110_none_60b5254171f9507e\COMCTL32.dll
0x00007ffbdebf0000 - 0x00007ffbdebfa000 	C:\WINDOWS\SYSTEM32\VERSION.dll
0x00007ffbe8a90000 - 0x00007ffbe8ac0000 	C:\WINDOWS\System32\IMM32.DLL
0x00007ffbd08d0000 - 0x00007ffbd08dc000 	C:\Program Files\Java\jdk-15.0.2\bin\vcruntime140_1.dll
0x00007ffb96cf0000 - 0x00007ffb96d81000 	C:\Program Files\Java\jdk-15.0.2\bin\msvcp140.dll
0x00007ffb91e60000 - 0x00007ffb929be000 	C:\Program Files\Java\jdk-15.0.2\bin\server\jvm.dll
0x00007ffbe8ed0000 - 0x00007ffbe8ed8000 	C:\WINDOWS\System32\PSAPI.DLL
0x00007ffbccb10000 - 0x00007ffbccb19000 	C:\WINDOWS\SYSTEM32\WSOCK32.dll
0x00007ffbccac0000 - 0x00007ffbccae7000 	C:\WINDOWS\SYSTEM32\WINMM.dll
0x00007ffbe8a20000 - 0x00007ffbe8a8b000 	C:\WINDOWS\System32\WS2_32.dll
0x00007ffbe4ef0000 - 0x00007ffbe4f02000 	C:\WINDOWS\SYSTEM32\kernel.appcore.dll
0x00007ffbcbf30000 - 0x00007ffbcbf3a000 	C:\Program Files\Java\jdk-15.0.2\bin\jimage.dll
0x00007ffbcfdb0000 - 0x00007ffbcff94000 	C:\WINDOWS\SYSTEM32\DBGHELP.DLL
0x00007ffbcf6f0000 - 0x00007ffbcf71c000 	C:\WINDOWS\SYSTEM32\dbgcore.DLL
0x00007ffbe7570000 - 0x00007ffbe75f3000 	C:\WINDOWS\System32\bcryptPrimitives.dll
0x00007ffb9bd80000 - 0x00007ffb9bda5000 	C:\Program Files\Java\jdk-15.0.2\bin\java.dll
0x00007ffbe79f0000 - 0x00007ffbe812f000 	C:\WINDOWS\System32\SHELL32.dll
0x00007ffbe50f0000 - 0x00007ffbe5880000 	C:\WINDOWS\SYSTEM32\windows.storage.dll
0x00007ffbe8f70000 - 0x00007ffbe92c5000 	C:\WINDOWS\System32\combase.dll
0x00007ffbe69a0000 - 0x00007ffbe69cc000 	C:\WINDOWS\SYSTEM32\Wldp.dll
0x00007ffbe83b0000 - 0x00007ffbe845e000 	C:\WINDOWS\System32\SHCORE.dll
0x00007ffbe8350000 - 0x00007ffbe83a5000 	C:\WINDOWS\System32\shlwapi.dll
0x00007ffbe6f60000 - 0x00007ffbe6f7f000 	C:\WINDOWS\SYSTEM32\profapi.dll
0x00007ffb9be40000 - 0x00007ffb9be59000 	C:\Program Files\Java\jdk-15.0.2\bin\net.dll
0x00007ffbdf8f0000 - 0x00007ffbdf9f8000 	C:\WINDOWS\SYSTEM32\WINHTTP.dll
0x00007ffbe6780000 - 0x00007ffbe67ea000 	C:\WINDOWS\system32\mswsock.dll
0x00007ffb99d90000 - 0x00007ffb99da2000 	C:\Program Files\Java\jdk-15.0.2\bin\nio.dll
0x00007ffb998f0000 - 0x00007ffb99908000 	C:\Program Files\Java\jdk-15.0.2\bin\zip.dll
0x00007ffbe69e0000 - 0x00007ffbe69f8000 	C:\WINDOWS\SYSTEM32\CRYPTSP.dll
0x00007ffbe6050000 - 0x00007ffbe6084000 	C:\WINDOWS\system32\rsaenh.dll
0x00007ffbe7540000 - 0x00007ffbe7567000 	C:\WINDOWS\System32\bcrypt.dll
0x00007ffbe6f20000 - 0x00007ffbe6f4e000 	C:\WINDOWS\SYSTEM32\USERENV.dll
0x00007ffbe6910000 - 0x00007ffbe691c000 	C:\WINDOWS\SYSTEM32\CRYPTBASE.dll
0x00007ffbe6420000 - 0x00007ffbe645b000 	C:\WINDOWS\SYSTEM32\IPHLPAPI.DLL
0x00007ffbe8ee0000 - 0x00007ffbe8ee8000 	C:\WINDOWS\System32\NSI.dll
0x00007ffbdfe30000 - 0x00007ffbdfe47000 	C:\WINDOWS\SYSTEM32\dhcpcsvc6.DLL
0x00007ffbdfe10000 - 0x00007ffbdfe2d000 	C:\WINDOWS\SYSTEM32\dhcpcsvc.DLL
0x00007ffbe6460000 - 0x00007ffbe652c000 	C:\WINDOWS\SYSTEM32\DNSAPI.dll
0x00007ffb96cb0000 - 0x00007ffb96cee000 	C:\Users\smy\AppData\Roaming\Code\User\globalStorage\redhat.java\0.81.0\config_win\org.eclipse.equinox.launcher\org.eclipse.equinox.launcher.win32.win32.x86_64_1.2.300.v20210622-1446\eclipse_11503.dll
0x00007ffbbbf90000 - 0x00007ffbbbfa0000 	C:\Program Files\Java\jdk-15.0.2\bin\verify.dll
0x00007ffb98ff0000 - 0x00007ffb99001000 	C:\Users\smy\AppData\Roaming\Code\User\globalStorage\redhat.java\0.81.0\config_win\org.eclipse.osgi\22\0\.cp\jWinHttp-1.0.0.dll
0x00007ffbe8600000 - 0x00007ffbe872a000 	C:\WINDOWS\System32\ole32.dll
0x00007ffbb9bb0000 - 0x00007ffbb9bbd000 	C:\Program Files\Java\jdk-15.0.2\bin\sunmscapi.dll
0x00007ffbe7020000 - 0x00007ffbe717f000 	C:\WINDOWS\System32\CRYPT32.dll
0x00007ffbe6af0000 - 0x00007ffbe6b17000 	C:\WINDOWS\SYSTEM32\ncrypt.dll
0x00007ffbe6ab0000 - 0x00007ffbe6aeb000 	C:\WINDOWS\SYSTEM32\NTASN1.dll
0x00007ffbd2c20000 - 0x00007ffbd2c2a000 	C:\Windows\System32\rasadhlp.dll
0x00007ffbdf390000 - 0x00007ffbdf40f000 	C:\WINDOWS\System32\fwpuclnt.dll

dbghelp: loaded successfully - version: 4.0.5 - missing functions: none
symbol engine: initialized successfully - sym options: 0x614 - pdb path: .;C:\Program Files\Java\jdk-15.0.2\bin;C:\WINDOWS\SYSTEM32;C:\WINDOWS\WinSxS\amd64_microsoft.windows.common-controls_6595b64144ccf1df_6.0.19041.1110_none_60b5254171f9507e;C:\Program Files\Java\jdk-15.0.2\bin\server;C:\Users\smy\AppData\Roaming\Code\User\globalStorage\redhat.java\0.81.0\config_win\org.eclipse.equinox.launcher\org.eclipse.equinox.launcher.win32.win32.x86_64_1.2.300.v20210622-1446;C:\Users\smy\AppData\Roaming\Code\User\globalStorage\redhat.java\0.81.0\config_win\org.eclipse.osgi\22\0\.cp

VM Arguments:
jvm_args: --add-modules=ALL-SYSTEM --add-opens=java.base/java.util=ALL-UNNAMED --add-opens=java.base/java.lang=ALL-UNNAMED -Declipse.application=org.eclipse.jdt.ls.core.id1 -Dosgi.bundles.defaultStartLevel=4 -Declipse.product=org.eclipse.jdt.ls.core.product -Dfile.encoding=utf8 -DwatchParentProcess=false -XX:+UseParallelGC -XX:GCTimeRatio=4 -XX:AdaptiveSizePolicyWeight=90 -Dsun.zip.disableMemoryMapping=true -Xmx1G -Xms100m 
java_command: c:\Users\smy\.vscode\extensions\redhat.java-0.81.0\server\plugins\org.eclipse.equinox.launcher_1.6.200.v20210416-2027.jar -configuration c:\Users\smy\AppData\Roaming\Code\User\globalStorage\redhat.java\0.81.0\config_win -data c:\Users\smy\AppData\Roaming\Code\User\workspaceStorage\88debe22eb0eb5ef3b373cb819e671c5\redhat.java\jdt_ws
java_class_path (initial): c:\Users\smy\.vscode\extensions\redhat.java-0.81.0\server\plugins\org.eclipse.equinox.launcher_1.6.200.v20210416-2027.jar
Launcher Type: SUN_STANDARD

[Global flags]
    uintx AdaptiveSizePolicyWeight                 = 90                                        {product} {command line}
     intx CICompilerCount                          = 3                                         {product} {ergonomic}
    uintx GCTimeRatio                              = 4                                         {product} {command line}
   size_t InitialHeapSize                          = 104857600                                 {product} {command line}
   size_t MaxHeapSize                              = 1073741824                                {product} {command line}
   size_t MaxNewSize                               = 357564416                                 {product} {ergonomic}
   size_t MinHeapDeltaBytes                        = 524288                                    {product} {ergonomic}
   size_t MinHeapSize                              = 104857600                                 {product} {command line}
   size_t NewSize                                  = 34603008                                  {product} {ergonomic}
    uintx NonNMethodCodeHeapSize                   = 5832780                                {pd product} {ergonomic}
    uintx NonProfiledCodeHeapSize                  = 122912730                              {pd product} {ergonomic}
   size_t OldSize                                  = 70254592                                  {product} {ergonomic}
    uintx ProfiledCodeHeapSize                     = 122912730                              {pd product} {ergonomic}
    uintx ReservedCodeCacheSize                    = 251658240                              {pd product} {ergonomic}
     bool SegmentedCodeCache                       = true                                      {product} {ergonomic}
   size_t SoftMaxHeapSize                          = 1073741824                             {manageable} {ergonomic}
     bool UseCompressedClassPointers               = true                                 {lp64_product} {ergonomic}
     bool UseCompressedOops                        = true                                 {lp64_product} {ergonomic}
     bool UseLargePagesIndividualAllocation        = false                                  {pd product} {ergonomic}
     bool UseParallelGC                            = true                                      {product} {command line}

Logging:
Log output configuration:
 #0: stdout all=warning uptime,level,tags
 #1: stderr all=off uptime,level,tags

Environment Variables:
JAVA_HOME=C:\Program Files\Java\jdk-15.0.2
PATH=C:\Users\smy\AppData\Local\Programs\Python\Python39\Scripts\;C:\Users\smy\AppData\Local\Programs\Python\Python39\;C:\oraclexe\app\oracle\product\11.2.0\server\bin;C:\Program Files\Common Files\Oracle\Java\javapath;C:\Python38\Scripts\;C:\Python38\;C:\WINDOWS\system32;C:\WINDOWS;C:\WINDOWS\System32\Wbem;C:\WINDOWS\System32\WindowsPowerShell\v1.0\;C:\WINDOWS\System32\OpenSSH\;C:\ProgramData\chocolatey\bin;C:\Program Files (x86)\NVIDIA Corporation\PhysX\Common;C:\Program Files (x86)\Calibre2\;C:\Program Files\Git\cmd;C:\Program Files\Microsoft SQL Server\Client SDK\ODBC\170\Tools\Binn\;C:\Program Files (x86)\Microsoft SQL Server\150\Tools\Binn\;C:\Program Files\Microsoft SQL Server\150\Tools\Binn\;C:\Program Files\Microsoft SQL Server\150\DTS\Binn\;C:\Program Files (x86)\Brackets\command;%ANDROID_HOME%\tools;%ANDROID_HOME%\platform-tools;C:\WINDOWS\system32;C:\WINDOWS;C:\WINDOWS\System32\Wbem;C:\WINDOWS\System32\WindowsPowerShell\v1.0\;C:\WINDOWS\System32\OpenSSH\;C:\Program Files\Java\jdk-15.0.2\bin;C:\Program Files\nodejs\;C:\Program Files\Microsoft VS Code\bin;C:\Program Files\MongoDB\Server\4.4\bin;C:\Program Files\PostgreSQL\13\bin;C:\Program Files\MySQL\MySQL Shell 8.0\bin\;C:\Users\smy\AppData\Local\Microsoft\WindowsApps;C:\Program Files\JetBrains\PhpStorm 2020.3\bin;C:\Users\smy\AppData\Local\GitHubDesktop\bin;C:\Users\smy\.dotnet\tools;C:\Program Files\JetBrains\IntelliJ IDEA Community Edition 2020.3.2\bin;C:\Users\smy\AppData\Local\Microsoft\WindowsApps;C:\Program Files\JetBrains\IntelliJ IDEA Educational Edition 2020.3.4\bin;;C:\ProgramData\chocoportable\bin;C:\tools\git\bin;E:\java\Exercism;C:\Program Files\apache-maven-3.8.1\bin;C:\Users\smy\AppData\Roaming\npm
USERNAME=smy
OS=Windows_NT
PROCESSOR_IDENTIFIER=Intel64 Family 6 Model 158 Stepping 9, GenuineIntel



---------------  S Y S T E M  ---------------

OS:
 Windows 10 , 64 bit Build 19041 (10.0.19041.1151)
OS uptime: 1 days 17:43 hours
HyperV virtualization detected

CPU: total 4 (initial active 4) (4 cores per cpu, 1 threads per core) family 6 model 158 stepping 9 microcode 0xde, cmov, cx8, fxsr, mmx, sse, sse2, sse3, ssse3, sse4.1, sse4.2, popcnt, vzeroupper, avx, avx2, aes, clmul, erms, rtm, 3dnowpref, lzcnt, tsc, tscinvbit, bmi1, bmi2, adx, fma, clflush, clflushopt

Memory: 4k page, system-wide physical 16237M (2605M free)
TotalPageFile size 16237M (AvailPageFile size 5M)
current process WorkingSet (physical memory assigned to process): 561M, peak: 565M
current process commit charge ("private bytes"): 545M, peak: 548M

vm_info: Java HotSpot(TM) 64-Bit Server VM (15.0.2+7-27) for windows-amd64 JRE (15.0.2+7-27), built on Dec  7 2020 20:07:01 by "mach5one" with unknown MS VC++:1925

END.
