#
# There is insufficient memory for the Java Runtime Environment to continue.
# Native memory allocation (mmap) failed to map 266338304 bytes for G1 virtual space
# Possible reasons:
#   The system is out of physical RAM or swap space
#   The process is running with CompressedOops enabled, and the Java Heap may be blocking the growth of the native heap
# Possible solutions:
#   Reduce memory load on the system
#   Increase physical memory or swap space
#   Check if swap backing store is full
#   Decrease Java heap size (-Xmx/-Xms)
#   Decrease number of Java threads
#   Decrease Java thread stack sizes (-Xss)
#   Set larger code cache with -XX:ReservedCodeCacheSize=
#   JVM is running with Zero Based Compressed Oops mode in which the Java heap is
#     placed in the first 32GB address space. The Java Heap base address is the
#     maximum limit for the native heap growth. Please use -XX:HeapBaseMinAddress
#     to set the Java Heap base and to place the Java Heap above 32GB virtual address.
# This output file may be truncated or incomplete.
#
#  Out of Memory Error (os_windows.cpp:3466), pid=7040, tid=12588
#
# JRE version:  (16.0.2+7) (build )
# Java VM: OpenJDK 64-Bit Server VM (16.0.2+7-67, mixed mode, sharing, tiered, compressed oops, compressed class ptrs, g1 gc, windows-amd64)
# No core dump will be written. Minidumps are not enabled by default on client versions of Windows
#

---------------  S U M M A R Y ------------

Command Line: -javaagent:C:\Program Files\JetBrains\IntelliJ IDEA Educational Edition 2020.3.4\lib\idea_rt.jar=57076:C:\Program Files\JetBrains\IntelliJ IDEA Educational Edition 2020.3.4\bin -Dfile.encoding=UTF-8 odevler.donguler.YildizElmasProgrami

Host: Intel(R) Core(TM) i5-7500 CPU @ 3.40GHz, 4 cores, 15G,  Windows 10 , 64 bit Build 19041 (10.0.19041.1151)
Time: Sun Sep 26 11:32:58 2021 Turkey Standard Time elapsed time: 0.013077 seconds (0d 0h 0m 0s)

---------------  T H R E A D  ---------------

Current thread (0x00000192b0a300a0):  JavaThread "Unknown thread" [_thread_in_vm, id=12588, stack(0x000000085dc00000,0x000000085dd00000)]

Stack: [0x000000085dc00000,0x000000085dd00000]
Native frames: (J=compiled Java code, j=interpreted, Vv=VM code, C=native code)
V  [jvm.dll+0x6681ca]
V  [jvm.dll+0x7c9e69]
V  [jvm.dll+0x7cb61e]
V  [jvm.dll+0x7cbc73]
V  [jvm.dll+0x242c55]
V  [jvm.dll+0x664f89]
V  [jvm.dll+0x659b75]
V  [jvm.dll+0x2fbfbb]
V  [jvm.dll+0x3031b6]
V  [jvm.dll+0x35299e]
V  [jvm.dll+0x352bcf]
V  [jvm.dll+0x2d3028]
V  [jvm.dll+0x2d4264]
V  [jvm.dll+0x79c741]
V  [jvm.dll+0x360791]
V  [jvm.dll+0x77a3f0]
V  [jvm.dll+0x3e4e8f]
V  [jvm.dll+0x3e6961]
C  [jli.dll+0x52fb]
C  [ucrtbase.dll+0x21bb2]
C  [KERNEL32.DLL+0x17034]
C  [ntdll.dll+0x52651]


---------------  P R O C E S S  ---------------

Threads class SMR info:
_java_thread_list=0x00007ffbff49cbb8, length=0, elements={
}

Java Threads: ( => current thread )

Other Threads:
  0x00000192b0a7e3a0 GCTaskThread "GC Thread#0" [stack: 0x000000085dd00000,0x000000085de00000] [id=2932]
  0x00000192b0a8f1a0 ConcurrentGCThread "G1 Main Marker" [stack: 0x000000085de00000,0x000000085df00000] [id=10320]
  0x00000192b0a913c0 ConcurrentGCThread "G1 Conc#0" [stack: 0x000000085df00000,0x000000085e000000] [id=13952]

[error occurred during error reporting (printing all threads), id 0xc0000005, EXCEPTION_ACCESS_VIOLATION (0xc0000005) at pc=0x00007ffbfec73ee7]

VM state: not at safepoint (not fully initialized)

VM Mutex/Monitor currently owned by a thread:  ([mutex/lock_event])
[0x00000192b0a2a630] Heap_lock - owner thread: 0x00000192b0a300a0

Heap address: 0x0000000702400000, size: 4060 MB, Compressed Oops mode: Zero based, Oop shift amount: 3

CDS archive(s) mapped at: [0x0000000000000000-0x0000000000000000-0x0000000000000000), size 0, SharedBaseAddress: 0x0000000800000000, ArchiveRelocationMode: 0.
Narrow klass base: 0x0000000000000000, Narrow klass shift: 0, Narrow klass range: 0x0

GC Precious Log:
<Empty>

Heap:
 garbage-first heap   total 0K, used 0K [0x0000000702400000, 0x0000000800000000)
  region size 2048K, 0 young (0K), 0 survivors (0K)

[error occurred during error reporting (printing heap information), id 0xc0000005, EXCEPTION_ACCESS_VIOLATION (0xc0000005) at pc=0x00007ffbff051eed]

GC Heap History (0 events):
No events

Deoptimization events (0 events):
No events

Classes unloaded (0 events):
No events

Classes redefined (0 events):
No events

Internal exceptions (0 events):
No events

Events (1 events):
Event: 0.008 Loaded shared library C:\Users\smy\.jdks\openjdk-16.0.2\bin\java.dll


Dynamic libraries:
0x00007ff6283f0000 - 0x00007ff6283fe000 	C:\Users\smy\.jdks\openjdk-16.0.2\bin\java.exe
0x00007ffc695f0000 - 0x00007ffc697e5000 	C:\WINDOWS\SYSTEM32\ntdll.dll
0x00007ffc68a40000 - 0x00007ffc68afd000 	C:\WINDOWS\System32\KERNEL32.DLL
0x00007ffc672b0000 - 0x00007ffc67579000 	C:\WINDOWS\System32\KERNELBASE.dll
0x00007ffc67050000 - 0x00007ffc67150000 	C:\WINDOWS\System32\ucrtbase.dll
0x00007ffc617a0000 - 0x00007ffc617b9000 	C:\Users\smy\.jdks\openjdk-16.0.2\bin\VCRUNTIME140.dll
0x00007ffc561d0000 - 0x00007ffc561e8000 	C:\Users\smy\.jdks\openjdk-16.0.2\bin\jli.dll
0x00007ffc69300000 - 0x00007ffc694a0000 	C:\WINDOWS\System32\USER32.dll
0x00007ffc67580000 - 0x00007ffc675a2000 	C:\WINDOWS\System32\win32u.dll
0x00007ffc68de0000 - 0x00007ffc68e0a000 	C:\WINDOWS\System32\GDI32.dll
0x00007ffc449e0000 - 0x00007ffc44c7a000 	C:\WINDOWS\WinSxS\amd64_microsoft.windows.common-controls_6595b64144ccf1df_6.0.19041.1110_none_60b5254171f9507e\COMCTL32.dll
0x00007ffc67150000 - 0x00007ffc6725b000 	C:\WINDOWS\System32\gdi32full.dll
0x00007ffc68990000 - 0x00007ffc68a2e000 	C:\WINDOWS\System32\msvcrt.dll
0x00007ffc675b0000 - 0x00007ffc6764d000 	C:\WINDOWS\System32\msvcp_win.dll
0x00007ffc68be0000 - 0x00007ffc68c10000 	C:\WINDOWS\System32\IMM32.DLL
0x00007ffc5efa0000 - 0x00007ffc5efac000 	C:\Users\smy\.jdks\openjdk-16.0.2\bin\vcruntime140_1.dll
0x00007ffc210a0000 - 0x00007ffc21131000 	C:\Users\smy\.jdks\openjdk-16.0.2\bin\msvcp140.dll
0x00007ffbfe990000 - 0x00007ffbff53b000 	C:\Users\smy\.jdks\openjdk-16.0.2\bin\server\jvm.dll
0x00007ffc694a0000 - 0x00007ffc6954c000 	C:\WINDOWS\System32\ADVAPI32.dll
0x00007ffc691b0000 - 0x00007ffc6924b000 	C:\WINDOWS\System32\sechost.dll
0x00007ffc68c10000 - 0x00007ffc68d3a000 	C:\WINDOWS\System32\RPCRT4.dll
0x00007ffc69020000 - 0x00007ffc69028000 	C:\WINDOWS\System32\PSAPI.DLL
0x00007ffc53cb0000 - 0x00007ffc53cb9000 	C:\WINDOWS\SYSTEM32\WSOCK32.dll
0x00007ffc4fe00000 - 0x00007ffc4fe27000 	C:\WINDOWS\SYSTEM32\WINMM.dll
0x00007ffc69140000 - 0x00007ffc691ab000 	C:\WINDOWS\System32\WS2_32.dll
0x00007ffc5d9c0000 - 0x00007ffc5d9ca000 	C:\WINDOWS\SYSTEM32\VERSION.dll
0x00007ffc64bf0000 - 0x00007ffc64c02000 	C:\WINDOWS\SYSTEM32\kernel.appcore.dll
0x00007ffc561c0000 - 0x00007ffc561ca000 	C:\Users\smy\.jdks\openjdk-16.0.2\bin\jimage.dll
0x00007ffc4fea0000 - 0x00007ffc50084000 	C:\WINDOWS\SYSTEM32\DBGHELP.DLL
0x00007ffc4f3d0000 - 0x00007ffc4f3fc000 	C:\WINDOWS\SYSTEM32\dbgcore.DLL
0x00007ffc66e00000 - 0x00007ffc66e83000 	C:\WINDOWS\System32\bcryptPrimitives.dll
0x00007ffc517d0000 - 0x00007ffc517de000 	C:\Users\smy\.jdks\openjdk-16.0.2\bin\instrument.dll
0x00007ffc350d0000 - 0x00007ffc350f5000 	C:\Users\smy\.jdks\openjdk-16.0.2\bin\java.dll

dbghelp: loaded successfully - version: 4.0.5 - missing functions: none
symbol engine: initialized successfully - sym options: 0x614 - pdb path: .;C:\Users\smy\.jdks\openjdk-16.0.2\bin;C:\WINDOWS\SYSTEM32;C:\WINDOWS\WinSxS\amd64_microsoft.windows.common-controls_6595b64144ccf1df_6.0.19041.1110_none_60b5254171f9507e;C:\Users\smy\.jdks\openjdk-16.0.2\bin\server

VM Arguments:
jvm_args: -javaagent:C:\Program Files\JetBrains\IntelliJ IDEA Educational Edition 2020.3.4\lib\idea_rt.jar=57076:C:\Program Files\JetBrains\IntelliJ IDEA Educational Edition 2020.3.4\bin -Dfile.encoding=UTF-8 
java_command: odevler.donguler.YildizElmasProgrami
java_class_path (initial): E:\eðitim\IT\TechProEdu\WEBDEV\HTML&CSS\kodluyoruz.org\Kodluyoruz.org_odevler\JAVA101_Odevler\target\classes
Launcher Type: SUN_STANDARD

[Global flags]
     intx CICompilerCount                          = 3                                         {product} {ergonomic}
     uint ConcGCThreads                            = 1                                         {product} {ergonomic}
     uint G1ConcRefinementThreads                  = 4                                         {product} {ergonomic}
   size_t G1HeapRegionSize                         = 2097152                                   {product} {ergonomic}
    uintx GCDrainStackTargetSize                   = 64                                        {product} {ergonomic}
   size_t InitialHeapSize                          = 266338304                                 {product} {ergonomic}
   size_t MarkStackSize                            = 4194304                                   {product} {ergonomic}
   size_t MaxHeapSize                              = 4257218560                                {product} {ergonomic}
   size_t MinHeapDeltaBytes                        = 2097152                                   {product} {ergonomic}
   size_t MinHeapSize                              = 8388608                                   {product} {ergonomic}
    uintx NonNMethodCodeHeapSize                   = 5832780                                {pd product} {ergonomic}
    uintx NonProfiledCodeHeapSize                  = 122912730                              {pd product} {ergonomic}
    uintx ProfiledCodeHeapSize                     = 122912730                              {pd product} {ergonomic}
    uintx ReservedCodeCacheSize                    = 251658240                              {pd product} {ergonomic}
     bool SegmentedCodeCache                       = true                                      {product} {ergonomic}
   size_t SoftMaxHeapSize                          = 4257218560                             {manageable} {ergonomic}
     bool UseCompressedClassPointers               = true                           {product lp64_product} {ergonomic}
     bool UseCompressedOops                        = true                           {product lp64_product} {ergonomic}
     bool UseG1GC                                  = true                                      {product} {ergonomic}
     bool UseLargePagesIndividualAllocation        = false                                  {pd product} {ergonomic}

Logging:
Log output configuration:
 #0: stdout all=warning uptime,level,tags
 #1: stderr all=off uptime,level,tags

Environment Variables:
JAVA_HOME=C:\Program Files\Java\jdk-15.0.2
PATH=C:\Users\smy\AppData\Local\Programs\Python\Python39\Scripts\;C:\Users\smy\AppData\Local\Programs\Python\Python39\;C:\oraclexe\app\oracle\product\11.2.0\server\bin;C:\Program Files\Common Files\Oracle\Java\javapath;C:\Python38\Scripts\;C:\Python38\;C:\WINDOWS\system32;C:\WINDOWS;C:\WINDOWS\System32\Wbem;C:\WINDOWS\System32\WindowsPowerShell\v1.0\;C:\WINDOWS\System32\OpenSSH\;C:\ProgramData\chocolatey\bin;C:\Program Files (x86)\NVIDIA Corporation\PhysX\Common;C:\Program Files (x86)\Calibre2\;C:\Program Files\Git\cmd;C:\Program Files\Microsoft SQL Server\Client SDK\ODBC\170\Tools\Binn\;C:\Program Files (x86)\Microsoft SQL Server\150\Tools\Binn\;C:\Program Files\Microsoft SQL Server\150\Tools\Binn\;C:\Program Files\Microsoft SQL Server\150\DTS\Binn\;C:\Program Files (x86)\Brackets\command;%ANDROID_HOME%\tools;%ANDROID_HOME%\platform-tools;C:\WINDOWS\system32;C:\WINDOWS;C:\WINDOWS\System32\Wbem;C:\WINDOWS\System32\WindowsPowerShell\v1.0\;C:\WINDOWS\System32\OpenSSH\;C:\Program Files\Java\jdk-15.0.2\bin;C:\Program Files\MongoDB\Server\4.4\bin;C:\Program Files\PostgreSQL\13\bin;C:\Program Files\Microsoft VS Code\bin;C:\Users\smy\AppData\Roaming\nvm;C:\Program Files\nodejs;C:\Program Files\MySQL\MySQL Shell 8.0\bin\;C:\Users\smy\AppData\Local\Microsoft\WindowsApps;C:\Program Files\JetBrains\PhpStorm 2020.3\bin;C:\Users\smy\AppData\Local\GitHubDesktop\bin;C:\Users\smy\.dotnet\tools;C:\Program Files\JetBrains\IntelliJ IDEA Community Edition 2020.3.2\bin;C:\Users\smy\AppData\Local\Microsoft\WindowsApps;C:\Program Files\JetBrains\IntelliJ IDEA Educational Edition 2020.3.4\bin;;C:\ProgramData\chocoportable\bin;C:\tools\git\bin;E:\java\Exercism;C:\Program Files\apache-maven-3.8.1\bin;C:\Users\smy\AppData\Roaming\npm;C:\Users\smy\AppData\Roaming\nvm;C:\Program Files\nodejs
USERNAME=smy
OS=Windows_NT
PROCESSOR_IDENTIFIER=Intel64 Family 6 Model 158 Stepping 9, GenuineIntel



---------------  S Y S T E M  ---------------

OS:
 Windows 10 , 64 bit Build 19041 (10.0.19041.1151)
OS uptime: 0 days 22:55 hours
Hyper-V role detected

CPU: total 4 (initial active 4) (4 cores per cpu, 1 threads per core) family 6 model 158 stepping 9 microcode 0xde, cx8, cmov, fxsr, mmx, 3dnowpref, sse, sse2, sse3, ssse3, sse4.1, sse4.2, popcnt, lzcnt, tsc, tscinvbit, avx, avx2, aes, erms, clmul, bmi1, bmi2, rtm, adx, fma, vzeroupper, clflush, clflushopt, hv

Memory: 4k page, system-wide physical 16237M (2472M free)
TotalPageFile size 16237M (AvailPageFile size 67M)
current process WorkingSet (physical memory assigned to process): 10M, peak: 10M
current process commit charge ("private bytes"): 51M, peak: 305M

vm_info: OpenJDK 64-Bit Server VM (16.0.2+7-67) for windows-amd64 JRE (16.0.2+7-67), built on Jun  8 2021 23:21:43 by "mach5one" with MS VC++ 16.7 (VS2019)

END.
